0 info it worked if it ends with ok
1 verbose cli [ 'node',
1 verbose cli   '/usr/local/bin/npm',
1 verbose cli   'install',
1 verbose cli   'grunt',
1 verbose cli   'grunt-html-snapshot' ]
2 info using npm@2.5.1
3 info using node@v0.12.0
4 silly cache add args [ 'grunt', null ]
5 verbose cache add spec grunt
6 silly cache add args [ 'grunt-html-snapshot', null ]
7 verbose cache add spec grunt-html-snapshot
8 silly cache add parsed spec { raw: 'grunt',
8 silly cache add   scope: null,
8 silly cache add   name: 'grunt',
8 silly cache add   rawSpec: '',
8 silly cache add   spec: '*',
8 silly cache add   type: 'range' }
9 verbose addNamed grunt@*
10 silly addNamed semver.valid null
11 silly addNamed semver.validRange *
12 silly addNameRange { name: 'grunt', range: '*', hasData: false }
13 silly mapToRegistry name grunt
14 silly mapToRegistry using default registry
15 silly mapToRegistry registry https://registry.npmjs.org/
16 silly mapToRegistry uri https://registry.npmjs.org/grunt
17 verbose addNameRange registry:https://registry.npmjs.org/grunt not in flight; fetching
18 silly cache add parsed spec { raw: 'grunt-html-snapshot',
18 silly cache add   scope: null,
18 silly cache add   name: 'grunt-html-snapshot',
18 silly cache add   rawSpec: '',
18 silly cache add   spec: '*',
18 silly cache add   type: 'range' }
19 verbose addNamed grunt-html-snapshot@*
20 silly addNamed semver.valid null
21 silly addNamed semver.validRange *
22 silly addNameRange { name: 'grunt-html-snapshot', range: '*', hasData: false }
23 silly mapToRegistry name grunt-html-snapshot
24 silly mapToRegistry using default registry
25 silly mapToRegistry registry https://registry.npmjs.org/
26 silly mapToRegistry uri https://registry.npmjs.org/grunt-html-snapshot
27 verbose addNameRange registry:https://registry.npmjs.org/grunt-html-snapshot not in flight; fetching
28 verbose request uri https://registry.npmjs.org/grunt
29 verbose request no auth needed
30 info attempt registry request try #1 at 10:41:37 PM
31 verbose request id b9eef716939adcb2
32 http request GET https://registry.npmjs.org/grunt
33 verbose request uri https://registry.npmjs.org/grunt-html-snapshot
34 verbose request no auth needed
35 info attempt registry request try #1 at 10:41:37 PM
36 http request GET https://registry.npmjs.org/grunt-html-snapshot
37 http 200 https://registry.npmjs.org/grunt
38 silly get cb [ 200,
38 silly get   { date: 'Mon, 30 Mar 2015 21:41:37 GMT',
38 silly get     server: 'CouchDB/1.5.0 (Erlang OTP/R16B03)',
38 silly get     etag: '"D23JZ81LV9QLD1EL70SL6NVK1"',
38 silly get     'content-type': 'application/json',
38 silly get     'cache-control': 'max-age=60',
38 silly get     'content-length': '88703',
38 silly get     'accept-ranges': 'bytes',
38 silly get     via: '1.1 varnish',
38 silly get     age: '3',
38 silly get     'x-served-by': 'cache-fra1245-FRA',
38 silly get     'x-cache': 'HIT',
38 silly get     'x-cache-hits': '1',
38 silly get     'x-timer': 'S1427751697.809128,VS0,VE0',
38 silly get     vary: 'Accept',
38 silly get     'keep-alive': 'timeout=10, max=50',
38 silly get     connection: 'Keep-Alive' } ]
39 verbose get saving grunt to /Users/Natalie/.npm/registry.npmjs.org/grunt/.cache.json
40 silly addNameRange number 2 { name: 'grunt', range: '*', hasData: true }
41 silly addNameRange versions [ 'grunt',
41 silly addNameRange   [ '0.1.0',
41 silly addNameRange     '0.1.1',
41 silly addNameRange     '0.1.2',
41 silly addNameRange     '0.2.0',
41 silly addNameRange     '0.2.1',
41 silly addNameRange     '0.2.2',
41 silly addNameRange     '0.2.3',
41 silly addNameRange     '0.2.4',
41 silly addNameRange     '0.2.5',
41 silly addNameRange     '0.2.6',
41 silly addNameRange     '0.2.7',
41 silly addNameRange     '0.2.8',
41 silly addNameRange     '0.2.9',
41 silly addNameRange     '0.2.10',
41 silly addNameRange     '0.2.11',
41 silly addNameRange     '0.2.12',
41 silly addNameRange     '0.2.13',
41 silly addNameRange     '0.2.14',
41 silly addNameRange     '0.2.15',
41 silly addNameRange     '0.3.0',
41 silly addNameRange     '0.3.1',
41 silly addNameRange     '0.3.2',
41 silly addNameRange     '0.3.3',
41 silly addNameRange     '0.3.4',
41 silly addNameRange     '0.3.5',
41 silly addNameRange     '0.3.6',
41 silly addNameRange     '0.3.7',
41 silly addNameRange     '0.3.8',
41 silly addNameRange     '0.3.9',
41 silly addNameRange     '0.3.10',
41 silly addNameRange     '0.3.11',
41 silly addNameRange     '0.3.12',
41 silly addNameRange     '0.3.13',
41 silly addNameRange     '0.3.14',
41 silly addNameRange     '0.3.15',
41 silly addNameRange     '0.3.16',
41 silly addNameRange     '0.3.17',
41 silly addNameRange     '0.4.0',
41 silly addNameRange     '0.4.1',
41 silly addNameRange     '0.4.2',
41 silly addNameRange     '0.4.3',
41 silly addNameRange     '0.4.4',
41 silly addNameRange     '0.4.5',
41 silly addNameRange     '0.3.13-a',
41 silly addNameRange     '0.4.0-a',
41 silly addNameRange     '0.4.0-rc1',
41 silly addNameRange     '0.4.0-rc2',
41 silly addNameRange     '0.4.0-rc3',
41 silly addNameRange     '0.4.0-rc4',
41 silly addNameRange     '0.4.0-rc5',
41 silly addNameRange     '0.4.0-rc6',
41 silly addNameRange     '0.4.0-rc7',
41 silly addNameRange     '0.4.0-rc8' ] ]
42 verbose addNamed grunt@0.4.5
43 silly addNamed semver.valid 0.4.5
44 silly addNamed semver.validRange 0.4.5
45 silly mapToRegistry name grunt
46 silly mapToRegistry using default registry
47 silly mapToRegistry registry https://registry.npmjs.org/
48 silly mapToRegistry uri https://registry.npmjs.org/grunt
49 verbose addRemoteTarball https://registry.npmjs.org/grunt/-/grunt-0.4.5.tgz not in flight; adding
50 verbose addRemoteTarball [ 'https://registry.npmjs.org/grunt/-/grunt-0.4.5.tgz',
50 verbose addRemoteTarball   '56937cd5194324adff6d207631832a9d6ba4e7f0' ]
51 info retry fetch attempt 1 at 10:41:37 PM
52 info attempt registry request try #1 at 10:41:37 PM
53 http fetch GET https://registry.npmjs.org/grunt/-/grunt-0.4.5.tgz
54 http fetch 200 https://registry.npmjs.org/grunt/-/grunt-0.4.5.tgz
55 silly fetchAndShaCheck shasum 56937cd5194324adff6d207631832a9d6ba4e7f0
56 verbose addTmpTarball /var/folders/ld/x3_jsxw921x7n3n5sm0s4dth0000gn/T/npm-77071-6f1763d9/registry.npmjs.org/grunt/-/grunt-0.4.5.tgz not in flight; adding
57 verbose addTmpTarball already have metadata; skipping unpack for grunt@0.4.5
58 silly cache afterAdd grunt@0.4.5
59 verbose afterAdd /Users/Natalie/.npm/grunt/0.4.5/package/package.json not in flight; writing
60 verbose afterAdd /Users/Natalie/.npm/grunt/0.4.5/package/package.json written
61 http 200 https://registry.npmjs.org/grunt-html-snapshot
62 silly get cb [ 200,
62 silly get   { date: 'Mon, 30 Mar 2015 21:41:38 GMT',
62 silly get     server: 'CouchDB/1.5.0 (Erlang OTP/R16B03)',
62 silly get     etag: '"98PA22TEA0MMW89O96WPLOIRP"',
62 silly get     'content-type': 'application/json',
62 silly get     'cache-control': 'max-age=60',
62 silly get     'content-length': '17373',
62 silly get     'accept-ranges': 'bytes',
62 silly get     via: '1.1 varnish',
62 silly get     age: '0',
62 silly get     'x-served-by': 'cache-fra1243-FRA',
62 silly get     'x-cache': 'MISS',
62 silly get     'x-cache-hits': '0',
62 silly get     'x-timer': 'S1427751697.811658,VS0,VE492',
62 silly get     vary: 'Accept',
62 silly get     'keep-alive': 'timeout=10, max=50',
62 silly get     connection: 'Keep-Alive' } ]
63 verbose get saving grunt-html-snapshot to /Users/Natalie/.npm/registry.npmjs.org/grunt-html-snapshot/.cache.json
64 silly addNameRange number 2 { name: 'grunt-html-snapshot', range: '*', hasData: true }
65 silly addNameRange versions [ 'grunt-html-snapshot',
65 silly addNameRange   [ '0.1.0',
65 silly addNameRange     '0.1.1',
65 silly addNameRange     '0.2.0',
65 silly addNameRange     '0.2.1',
65 silly addNameRange     '0.2.2',
65 silly addNameRange     '0.2.3',
65 silly addNameRange     '0.3.0',
65 silly addNameRange     '0.4.0',
65 silly addNameRange     '0.5.0',
65 silly addNameRange     '0.6.0',
65 silly addNameRange     '0.6.1' ] ]
66 verbose addNamed grunt-html-snapshot@0.6.1
67 silly addNamed semver.valid 0.6.1
68 silly addNamed semver.validRange 0.6.1
69 silly mapToRegistry name grunt-html-snapshot
70 silly mapToRegistry using default registry
71 silly mapToRegistry registry https://registry.npmjs.org/
72 silly mapToRegistry uri https://registry.npmjs.org/grunt-html-snapshot
73 verbose addRemoteTarball https://registry.npmjs.org/grunt-html-snapshot/-/grunt-html-snapshot-0.6.1.tgz not in flight; adding
74 verbose addRemoteTarball [ 'https://registry.npmjs.org/grunt-html-snapshot/-/grunt-html-snapshot-0.6.1.tgz',
74 verbose addRemoteTarball   '3e5131dd7f73a81936ced6774c4c16a4ca8e130b' ]
75 info retry fetch attempt 1 at 10:41:38 PM
76 info attempt registry request try #1 at 10:41:38 PM
77 http fetch GET https://registry.npmjs.org/grunt-html-snapshot/-/grunt-html-snapshot-0.6.1.tgz
78 http fetch 200 https://registry.npmjs.org/grunt-html-snapshot/-/grunt-html-snapshot-0.6.1.tgz
79 silly fetchAndShaCheck shasum 3e5131dd7f73a81936ced6774c4c16a4ca8e130b
80 verbose addTmpTarball /var/folders/ld/x3_jsxw921x7n3n5sm0s4dth0000gn/T/npm-77071-6f1763d9/registry.npmjs.org/grunt-html-snapshot/-/grunt-html-snapshot-0.6.1.tgz not in flight; adding
81 verbose addTmpTarball already have metadata; skipping unpack for grunt-html-snapshot@0.6.1
82 silly cache afterAdd grunt-html-snapshot@0.6.1
83 verbose afterAdd /Users/Natalie/.npm/grunt-html-snapshot/0.6.1/package/package.json not in flight; writing
84 verbose afterAdd /Users/Natalie/.npm/grunt-html-snapshot/0.6.1/package/package.json written
85 silly install resolved [ { name: 'grunt',
85 silly install resolved     description: 'The JavaScript Task Runner',
85 silly install resolved     version: '0.4.5',
85 silly install resolved     author: { name: '"Cowboy" Ben Alman', url: 'http://benalman.com/' },
85 silly install resolved     homepage: 'http://gruntjs.com/',
85 silly install resolved     repository: { type: 'git', url: 'git://github.com/gruntjs/grunt.git' },
85 silly install resolved     bugs: { url: 'http://github.com/gruntjs/grunt/issues' },
85 silly install resolved     licenses: [ [Object] ],
85 silly install resolved     main: 'lib/grunt',
85 silly install resolved     scripts: { test: 'grunt test' },
85 silly install resolved     engines: { node: '>= 0.8.0' },
85 silly install resolved     keywords:
85 silly install resolved      [ 'task',
85 silly install resolved        'async',
85 silly install resolved        'cli',
85 silly install resolved        'minify',
85 silly install resolved        'uglify',
85 silly install resolved        'build',
85 silly install resolved        'lodash',
85 silly install resolved        'unit',
85 silly install resolved        'test',
85 silly install resolved        'qunit',
85 silly install resolved        'nodeunit',
85 silly install resolved        'server',
85 silly install resolved        'init',
85 silly install resolved        'scaffold',
85 silly install resolved        'make',
85 silly install resolved        'jake',
85 silly install resolved        'tool' ],
85 silly install resolved     dependencies:
85 silly install resolved      { async: '~0.1.22',
85 silly install resolved        'coffee-script': '~1.3.3',
85 silly install resolved        colors: '~0.6.2',
85 silly install resolved        dateformat: '1.0.2-1.2.3',
85 silly install resolved        eventemitter2: '~0.4.13',
85 silly install resolved        'findup-sync': '~0.1.2',
85 silly install resolved        glob: '~3.1.21',
85 silly install resolved        hooker: '~0.2.3',
85 silly install resolved        'iconv-lite': '~0.2.11',
85 silly install resolved        minimatch: '~0.2.12',
85 silly install resolved        nopt: '~1.0.10',
85 silly install resolved        rimraf: '~2.2.8',
85 silly install resolved        lodash: '~0.9.2',
85 silly install resolved        'underscore.string': '~2.2.1',
85 silly install resolved        which: '~1.0.5',
85 silly install resolved        'js-yaml': '~2.0.5',
85 silly install resolved        exit: '~0.1.1',
85 silly install resolved        getobject: '~0.1.0',
85 silly install resolved        'grunt-legacy-util': '~0.2.0',
85 silly install resolved        'grunt-legacy-log': '~0.1.0' },
85 silly install resolved     devDependencies:
85 silly install resolved      { temporary: '~0.0.4',
85 silly install resolved        'grunt-contrib-jshint': '~0.6.4',
85 silly install resolved        'grunt-contrib-nodeunit': '~0.2.0',
85 silly install resolved        'grunt-contrib-watch': '~0.5.3',
85 silly install resolved        difflet: '~0.2.3',
85 silly install resolved        semver: '2.1.0',
85 silly install resolved        shelljs: '~0.2.5' },
85 silly install resolved     _id: 'grunt@0.4.5',
85 silly install resolved     dist:
85 silly install resolved      { shasum: '56937cd5194324adff6d207631832a9d6ba4e7f0',
85 silly install resolved        tarball: 'http://registry.npmjs.org/grunt/-/grunt-0.4.5.tgz' },
85 silly install resolved     _from: 'grunt@*',
85 silly install resolved     _npmVersion: '1.4.4',
85 silly install resolved     _npmUser: { name: 'cowboy', email: 'cowboy@rj3.net' },
85 silly install resolved     maintainers: [ [Object], [Object] ],
85 silly install resolved     directories: {},
85 silly install resolved     _shasum: '56937cd5194324adff6d207631832a9d6ba4e7f0',
85 silly install resolved     _resolved: 'https://registry.npmjs.org/grunt/-/grunt-0.4.5.tgz' },
85 silly install resolved   { name: 'grunt-html-snapshot',
85 silly install resolved     version: '0.6.1',
85 silly install resolved     description: 'A grunt task that fetches html snapshots of your web app for easier SEO',
85 silly install resolved     author:
85 silly install resolved      { name: 'Christoph Burgdorf',
85 silly install resolved        email: 'christoph.burgdorf@bvsn.org',
85 silly install resolved        url: 'http://cburgdorf.wordpress.com' },
85 silly install resolved     main: 'Gruntfile.js',
85 silly install resolved     scripts: { test: 'echo "Error: no test specified" && exit 1' },
85 silly install resolved     repository:
85 silly install resolved      { type: 'git',
85 silly install resolved        url: 'https://github.com/cburgdorf/grunt-html-snapshot.git' },
85 silly install resolved     licenses: [ [Object] ],
85 silly install resolved     engines: { node: '>= 0.8.0' },
85 silly install resolved     dependencies: { 'grunt-lib-phantomjs': '0.3.0' },
85 silly install resolved     keywords: [ 'SEO', 'html', 'snapshots', 'gruntplugin' ],
85 silly install resolved     bugs: { url: 'https://github.com/cburgdorf/grunt-html-snapshot/issues' },
85 silly install resolved     _id: 'grunt-html-snapshot@0.6.1',
85 silly install resolved     dist:
85 silly install resolved      { shasum: '3e5131dd7f73a81936ced6774c4c16a4ca8e130b',
85 silly install resolved        tarball: 'http://registry.npmjs.org/grunt-html-snapshot/-/grunt-html-snapshot-0.6.1.tgz' },
85 silly install resolved     _from: 'grunt-html-snapshot@*',
85 silly install resolved     _npmVersion: '1.2.32',
85 silly install resolved     _npmUser: { name: 'cburgdorf', email: 'christoph.burgdorf@bvsn.org' },
85 silly install resolved     maintainers: [ [Object] ],
85 silly install resolved     directories: {},
85 silly install resolved     _shasum: '3e5131dd7f73a81936ced6774c4c16a4ca8e130b',
85 silly install resolved     _resolved: 'https://registry.npmjs.org/grunt-html-snapshot/-/grunt-html-snapshot-0.6.1.tgz' } ]
86 info install grunt@0.4.5 into /Users/Natalie/Desktop/generalassembly
87 info install grunt-html-snapshot@0.6.1 into /Users/Natalie/Desktop/generalassembly
88 info installOne grunt@0.4.5
89 verbose installOne of grunt to /Users/Natalie/Desktop/generalassembly not in flight; installing
90 info installOne grunt-html-snapshot@0.6.1
91 verbose installOne of grunt-html-snapshot to /Users/Natalie/Desktop/generalassembly not in flight; installing
92 warn locking Error: EACCES, open '/Users/Natalie/.npm/_locks/grunt-967631ce307a4088.lock'
92 warn locking     at Error (native)
92 warn locking  /Users/Natalie/.npm/_locks/grunt-967631ce307a4088.lock failed { [Error: EACCES, open '/Users/Natalie/.npm/_locks/grunt-967631ce307a4088.lock']
92 warn locking   errno: -13,
92 warn locking   code: 'EACCES',
92 warn locking   path: '/Users/Natalie/.npm/_locks/grunt-967631ce307a4088.lock' }
93 verbose stack Error: Attempt to unlock /Users/Natalie/Desktop/generalassembly/node_modules/grunt, which hasn't been locked
93 verbose stack     at unlock (/usr/local/lib/node_modules/npm/lib/utils/locker.js:66:11)
93 verbose stack     at cb (/usr/local/lib/node_modules/npm/lib/install.js:929:5)
93 verbose stack     at /usr/local/lib/node_modules/npm/lib/install.js:933:20
93 verbose stack     at /usr/local/lib/node_modules/npm/lib/utils/locker.js:40:9
93 verbose stack     at cb (/usr/local/lib/node_modules/npm/node_modules/lockfile/lockfile.js:149:38)
93 verbose stack     at /usr/local/lib/node_modules/npm/node_modules/lockfile/lockfile.js:177:38
93 verbose stack     at FSReqWrap.oncomplete (fs.js:99:15)
94 verbose cwd /Users/Natalie/Desktop/generalassembly/heroku projects/shori
95 error Darwin 14.1.0
96 error argv "node" "/usr/local/bin/npm" "install" "grunt" "grunt-html-snapshot"
97 error node v0.12.0
98 error npm  v2.5.1
99 error Attempt to unlock /Users/Natalie/Desktop/generalassembly/node_modules/grunt, which hasn't been locked
100 error If you need help, you may report this error at:
100 error     <http://github.com/npm/npm/issues>
101 verbose exit [ 1, true ]
